2019-05-25 16:25:45|   0.0|  0.0|INFORM|FME 2018.1.1.2 (20190121 - Build 18586 - macosx)
2019-05-25 16:25:45|   0.0|  0.0|INFORM|FME_HOME is '/Library/FME/2018.1/'
2019-05-25 16:25:45|   0.0|  0.0|INFORM|FME Database Edition (node locked-crc)
2019-05-25 16:25:45|   0.0|  0.0|INFORM|Serial Number: 0
2019-05-25 16:25:45|   0.0|  0.0|INFORM|Temporary License: 13 days left.
2019-05-25 16:25:45|   0.0|  0.0|INFORM|Machine host name is: MacBook-Pro-2.local
2019-05-25 16:25:45|   0.0|  0.0|INFORM|START - ProcessID: 2932, peak process memory usage: 60268 kB, current process memory usage: 60268 kB
2019-05-25 16:25:45|   0.0|  0.0|INFORM|FME Configuration: Command line arguments are `/Library/FME/2018.1//bin/fme' `/Users/LorenzMenendez/Google Drive/GitHub Projects/city-scaling-in-France/Data Visualization Workflows/wb-xlate-1558819544309_2798' `LOG_STANDARDOUT' `YES' `LogCountServerName' `{e42c6546-3454-41dd-8e8a-eab1494b1e76}'
2019-05-25 16:25:45|   0.0|  0.0|INFORM|FME Configuration: Connection Storage: '/Users/LorenzMenendez/Library/Caches/Safe Software/FME/'
2019-05-25 16:25:45|   0.1|  0.1|INFORM|Shared folders for formats are : /Library/FME/2018.1/datasources;/Users/LorenzMenendez/Library/Application Support/FME/Formats
2019-05-25 16:25:45|   0.1|  0.0|INFORM|Shared folders for transformers are : /Users/LorenzMenendez/Library/Caches/Safe Software/FME/Packages/18586-macosx/transformers;/Library/FME/2018.1/transformers;/Users/LorenzMenendez/Library/Application Support/FME/Transformers;/Users/LorenzMenendez/Library/Caches/Safe Software/FME/FME Store/Transformers
2019-05-25 16:25:45|   0.1|  0.0|INFORM|Shared folders for coordinate systems are : /Users/LorenzMenendez/Library/Application Support/FME/CoordinateSystems
2019-05-25 16:25:45|   0.1|  0.0|INFORM|Shared folders for coordinate system exceptions are : /Users/LorenzMenendez/Library/Application Support/FME/CoordinateSystemExceptions
2019-05-25 16:25:45|   0.1|  0.0|INFORM|Shared folders for coordinate system grid overrides are : /Users/LorenzMenendez/Library/Application Support/FME/CoordinateSystemGridOverrides
2019-05-25 16:25:45|   0.1|  0.0|INFORM|Shared folders for CS-MAP transformation exceptions are : /Users/LorenzMenendez/Library/Application Support/FME/CsmapTransformationExceptions
2019-05-25 16:25:45|   0.1|  0.0|INFORM|Shared folders for transformer categories are : /Users/LorenzMenendez/Library/Application Support/FME/TransformerCategories
2019-05-25 16:25:45|   0.1|  0.0|INFORM|FME Configuration: Reader Keyword is `MULTI_READER'
2019-05-25 16:25:45|   0.1|  0.0|INFORM|FME Configuration: Writer Keyword is `MULTI_WRITER'
2019-05-25 16:25:45|   0.1|  0.0|INFORM|FME Configuration: Writer Group Definition Keyword is `MULTI_WRITER_DEF'
2019-05-25 16:25:45|   0.1|  0.0|INFORM|FME Configuration: Reader type is `MULTI_READER'
2019-05-25 16:25:45|   0.1|  0.0|INFORM|FME Configuration: Writer type is `MULTI_WRITER'
2019-05-25 16:25:45|   0.1|  0.0|INFORM|FME Configuration: No destination coordinate system set
2019-05-25 16:25:45|   0.1|  0.0|INFORM|FME Configuration: Current working folder is `/Users/LorenzMenendez/Google Drive/GitHub Projects/city-scaling-in-France/Data Visualization Workflows'
2019-05-25 16:25:45|   0.1|  0.0|INFORM|FME Configuration: Temporary folder is in the system location `/tmp'
2019-05-25 16:25:45|   0.1|  0.0|INFORM|FME Configuration: FME_HOME is `/Library/FME/2018.1/'
2019-05-25 16:25:45|   0.1|  0.0|INFORM|FME Configuration: FME_BASE is 'no'
2019-05-25 16:25:45|   0.1|  0.0|INFORM|FME Configuration: FME_MF_DIR is '/Users/LorenzMenendez/Google Drive/GitHub Projects/city-scaling-in-France/Data Visualization Workflows/'
2019-05-25 16:25:45|   0.1|  0.0|INFORM|FME Configuration: FME_MF_NAME is 'Regression Analysis.fmw'
2019-05-25 16:25:45|   0.1|  0.0|INFORM|FME Configuration: FME_PRODUCT_NAME is 'FME(R) 2018.1.1.2'
2019-05-25 16:25:45|   0.1|  0.0|INFORM|System Status: 10.80 TB of disk space available in the FME temporary folder (/tmp)
2019-05-25 16:25:45|   0.1|  0.0|INFORM|System Status: 53.84 GB of virtual memory available
2019-05-25 16:25:45|   0.1|  0.0|INFORM|Operating System: Mac OS X Version 10.14.3 (Build 18D42)
2019-05-25 16:25:45|   0.1|  0.0|INFORM|FME Platform: macosx
2019-05-25 16:25:45|   0.1|  0.0|INFORM|The memory allocator being used by FME is : `/usr/lib/system/libsystem_malloc.dylib'
2019-05-25 16:25:45|   0.1|  0.0|INFORM|Locale: en_US.UTF-8
2019-05-25 16:25:45|   0.1|  0.0|INFORM|FME Configuration: Process limit is 8.00 GB of physical memory
2019-05-25 16:25:45|   0.1|  0.0|INFORM|FME Configuration: Start freeing memory when process usage exceeds 52.67 GB of virtual memory
2019-05-25 16:25:45|   0.1|  0.0|INFORM|FME Configuration: Stop freeing memory when process usage is below 39.50 GB of virtual memory
2019-05-25 16:25:45|   0.1|  0.0|INFORM|Creating writer for format: 
2019-05-25 16:25:45|   0.1|  0.0|INFORM|Creating reader for format: 
2019-05-25 16:25:45|   0.1|  0.0|INFORM|MULTI_READER(MULTI_READER): Will fail with first member reader failure
2019-05-25 16:25:45|   0.1|  0.0|INFORM|MULTI_READER(MULTI_READER): Adding POSTGIS Reader with keyword POSTGIS_1
2019-05-25 16:25:45|   0.1|  0.0|INFORM|Using Multi Reader with keyword `MULTI_READER' to read multiple datasets
2019-05-25 16:25:47|   2.0|  1.9|INFORM|FME Configuration: Using connection values from 'GIS2' for POSTGIS_1
2019-05-25 16:25:47|   2.0|  0.0|INFORM|Creating reader for format: PostGIS
2019-05-25 16:25:47|   2.0|  0.0|INFORM|Trying to find a DYNAMIC plugin for reader named `POSTGIS'
2019-05-25 16:25:47|   2.0|  0.0|INFORM|DYLD_LIBRARY_PATH is '/Library/FME/2018.1/plugins:/Library/FME/2018.1'
2019-05-25 16:25:47|   2.0|  0.0|INFORM|Loaded module 'POSTGIS' from file '/Library/FME/2018.1/plugins/postgis.so'
2019-05-25 16:25:47|   2.0|  0.0|INFORM|FME API version of module 'POSTGIS' matches current internal version (3.8 20180604)
2019-05-25 16:25:47|   2.0|  0.0|INFORM|Opening POSTGIS reader for dataset 'gis2'
2019-05-25 16:25:47|   2.0|  0.0|INFORM|PostGIS client encoding: 'UTF8'
2019-05-25 16:25:47|   2.0|  0.0|INFORM|PostgreSQL 11.3 on x86_64-apple-darwin18.5.0, compiled by Apple LLVM version 10.0.1 (clang-1001.0.46.4), 64-bit
2019-05-25 16:25:47|   2.0|  0.0|INFORM|2.5 USE_GEOS=1 USE_PROJ=1 USE_STATS=1
2019-05-25 16:25:47|   2.0|  0.0|INFORM|Using MultiWriter with keyword `MULTI_WRITER' to output data (ID_ATTRIBUTE is `multi_writer_id')
2019-05-25 16:25:47|   2.0|  0.0|INFORM|Writer output will be ordered by value of multi_writer_id
2019-05-25 16:25:47|   2.1|  0.0|INFORM|Loaded module 'LogCount_func' from file '/Library/FME/2018.1/plugins/logcount_func.so'
2019-05-25 16:25:47|   2.1|  0.0|INFORM|FME API version of module 'LogCount_func' matches current internal version (3.8 20180604)
2019-05-25 16:25:47|   2.1|  0.0|INFORM|Executing data query: 'declare "final_indicateurs_crsr" cursor for select "au2010","libau2010","cataeu2010","tau2015","population15","employment15","entreprises15","nouventreprises15","professionels15","intellectuels15","stnserv", ST_AsEWKB("geom") as "geom" from "final"."indicateurs"'
2019-05-25 16:25:47|   2.1|  0.0|INFORM|Reading POSTGIS table: 'final.indicateurs'...
2019-05-25 16:25:47|   2.3|  0.2|INFORM|FME Configuration: Source coordinate system for reader POSTGIS_1[POSTGIS] set to `EPSG:4326' as read from input data
2019-05-25 16:25:48|   2.5|  0.2|INFORM|Coordinate System `EPSG:4326' parameters: CS_NAME=`LL-WGS84' DESC_NM=`WGS84 Lat/Longs' DT_NAME=`WGS84' GROUP=`LL' MAP_SCL=`1' PROJ=`LL' QUAD=`1' SCL_RED=`1' UNIT=`DEGREE' 
2019-05-25 16:25:48|   2.5|  0.0|STATS |Storing feature(s) to FME feature store file `/tmp/wb-cache-Regression Analysis-BM2798/Main_final.indicateurs -1 2 -1  0  511abb785a494f3e346db0fe55ba62fa07c349cb.ffsupdating'
2019-05-25 16:25:49|   3.6|  1.1|INFORM|Reading source feature # 2500
2019-05-25 16:25:50|   4.7|  1.1|INFORM|Reading source feature # 5000
2019-05-25 16:25:51|   5.7|  1.1|INFORM|Reading source feature # 7500
2019-05-25 16:25:52|   6.9|  1.1|INFORM|Reading source feature # 10000
2019-05-25 16:25:54|   8.1|  1.2|INFORM|Reading source feature # 12500
2019-05-25 16:25:54|   8.5|  0.4|INFORM|Successfully closed POSTGIS database reader
2019-05-25 16:25:54|   8.5|  0.0|INFORM|Successfully closed POSTGIS database reader
2019-05-25 16:25:54|   8.5|  0.0|INFORM|MULTI_READER(MULTI_READER): Done reading 13420 features from 1 readers
2019-05-25 16:25:54|   8.5|  0.0|INFORM|Emptying factory pipeline
2019-05-25 16:25:54|   8.5|  0.0|STATS |Router and Unexpected Input Remover(RoutingFactory): Tested 13420 input feature(s), wrote 13420 output feature(s): 13420 matched merge filters, 13420 were routed to output, 0 could not be routed.
2019-05-25 16:25:54|   8.5|  0.0|STATS |Unexpected Input Remover Nuker(TeeFactory): Cloned 0 input feature(s) into 0 output feature(s)
2019-05-25 16:25:54|   8.5|  0.0|INFORM|final.indicateurs Feature Recorder -1 2147549186(RecorderFactory): Recorded 13420 feature(s) to file `/tmp/wb-cache-Regression Analysis-BM2798/Main_final.indicateurs -1 2 -1  0  511abb785a494f3e346db0fe55ba62fa07c349cb.ffsupdating'
2019-05-25 16:25:54|   8.5|  0.0|STATS |final.indicateurs (POSTGIS_1) Splitter(TeeFactory): Cloned 13420 input feature(s) into 13420 output feature(s)
2019-05-25 16:25:54|   8.5|  0.0|STATS |final.indicateurs_POSTGIS_1 Feature Counter -1 11(TeeFactory): Cloned 13420 input feature(s) into 13420 output feature(s)
2019-05-25 16:25:54|   8.5|  0.0|STATS |Storing feature(s) to FME feature store file `/tmp/wb-cache-Regression Analysis-BM2798/Main_Aggregator -1 13 fo 0 AGGREGATE  0  39329f8bdb75f2360524508a8c7faf36411153c8.ffsupdating'
2019-05-25 16:25:54|   8.5|  0.0|INFORM|Continuing to process geometric dissolving tasks.  At number: 1
2019-05-25 16:25:55|   9.2|  0.7|STATS |Aggregator(AggregateFactory): Combined 13420 input feature(s) into 146 output feature(s), including 0 singleton(s)
2019-05-25 16:25:55|   9.2|  0.0|INFORM|Aggregator_AGGREGATE Feature Recorder -1 2147614733(RecorderFactory): Recorded 146 feature(s) to file `/tmp/wb-cache-Regression Analysis-BM2798/Main_Aggregator -1 13 fo 0 AGGREGATE  0  39329f8bdb75f2360524508a8c7faf36411153c8.ffsupdating'
2019-05-25 16:25:55|   9.2|  0.0|STATS |Aggregator_AGGREGATE Feature Counter -1 12(TeeFactory): Cloned 146 input feature(s) into 146 output feature(s)
2019-05-25 16:25:55|   9.2|  0.0|STATS |Dissolver(PolygonDissolveFactory_base_factory): Dissolving 14007 input polygon(s) across 146 group(s)
2019-05-25 16:25:55|   9.2|  0.0|INFORM|Dissolver(PolygonDissolveFactory_base_factory): If the input dataset is large or complex, the dissolver could run for extended periods of time without logging
2019-05-25 16:25:55|   9.2|  0.0|STATS |Storing feature(s) to FME feature store file `/tmp/wb-cache-Regression Analysis-BM2798/Main_Dissolver -1 10 fo 1 REMNANTS  0  464bde47f4a14d3088742af22a7c50d22cf15f8d.ffsupdating'
2019-05-25 16:25:55|   9.3|  0.1|INFORM|Transferring input attributes onto output feature, this may take several minutes...
2019-05-25 16:25:55|   9.3|  0.0|INFORM|PolygonDissolveFactory: Continuing to restore attributes. 2.7% complete
2019-05-25 16:25:55|   9.3|  0.0|INFORM|PolygonDissolveFactory: Continuing to restore attributes. 100% complete
2019-05-25 16:25:55|   9.3|  0.0|STATS |Storing feature(s) to FME feature store file `/tmp/wb-cache-Regression Analysis-BM2798/Main_Dissolver -1 10 fo 0 AREA  0  608f92ed2743e002e1b12e5b064e4d8d2c22eb9a.ffsupdating'
2019-05-25 16:26:01|  15.8|  6.5|INFORM|Transferring input attributes onto output feature, this may take several minutes...
2019-05-25 16:26:19|  33.2| 17.4|INFORM|... Last line repeated 3 times ...
2019-05-25 16:26:19|  33.2|  0.0|STATS |Dissolver(PolygonDissolveFactory_base_factory): Completed polygon dissolve on all groups
2019-05-25 16:26:19|  33.2|  0.0|INFORM|Dissolver_AREA Feature Recorder -1 2147614730(RecorderFactory): Recorded 701 feature(s) to file `/tmp/wb-cache-Regression Analysis-BM2798/Main_Dissolver -1 10 fo 0 AREA  0  608f92ed2743e002e1b12e5b064e4d8d2c22eb9a.ffsupdating'
2019-05-25 16:26:19|  33.2|  0.0|INFORM|Dissolver_REMNANTS Feature Recorder -1 2147680266(RecorderFactory): Recorded 13327 feature(s) to file `/tmp/wb-cache-Regression Analysis-BM2798/Main_Dissolver -1 10 fo 1 REMNANTS  0  464bde47f4a14d3088742af22a7c50d22cf15f8d.ffsupdating'
2019-05-25 16:26:19|  33.2|  0.0|INFORM|Dissolver_<REJECTED> Feature Recorder -1 2147745802(RecorderFactory): Recorded 0 feature(s) to file `/tmp/wb-cache-Regression Analysis-BM2798/Main_Dissolver -1 10 fo 2 _lt_REJECTED_gt_  0  59b72c7897e884c3a09173b2a9dcaec5d786cc03.ffsupdating'
2019-05-25 16:26:19|  33.2|  0.0|STATS |Dissolver_AREA Feature Counter -1 16(TeeFactory): Cloned 701 input feature(s) into 701 output feature(s)
2019-05-25 16:26:19|  33.2|  0.0|STATS |Dissolver_REMNANTS Feature Counter -1 2147680266(TeeFactory): Cloned 13327 input feature(s) into 0 output feature(s)
2019-05-25 16:26:19|  33.2|  0.0|STATS |Dissolver_<REJECTED> Feature Counter -1 2147745802(TeeFactory): Cloned 0 input feature(s) into 0 output feature(s)
2019-05-25 16:26:19|  33.2|  0.0|STATS |Storing feature(s) to FME feature store file `/tmp/wb-cache-Regression Analysis-BM2798/Main_Aggregator_2 -1 15 fo 0 AGGREGATE  0  bde54f8b25d98e8493d99c10f479aa68373b3b84.ffsupdating'
2019-05-25 16:26:19|  33.3|  0.1|STATS |Aggregator_2(AggregateFactory): Combined 701 input feature(s) into 146 output feature(s), including 0 singleton(s)
2019-05-25 16:26:19|  33.3|  0.0|STATS |Stored 13420 feature(s) to FME feature store file `/tmp/wb-cache-Regression Analysis-BM2798/Main_final.indicateurs -1 2 -1  0  511abb785a494f3e346db0fe55ba62fa07c349cb.ffsupdating'
2019-05-25 16:26:19|  33.3|  0.0|INFORM|Saving spatial index into file '/tmp/wb-cache-Regression Analysis-BM2798/Main_final.indicateurs -1 2 -1  0  511abb785a494f3e346db0fe55ba62fa07c349cb.fsi'
2019-05-25 16:26:19|  33.3|  0.0|INFORM|Finished saving spatial index into file '/tmp/wb-cache-Regression Analysis-BM2798/Main_final.indicateurs -1 2 -1  0  511abb785a494f3e346db0fe55ba62fa07c349cb.fsi'
2019-05-25 16:26:19|  33.3|  0.0|STATS |Stored 13327 feature(s) to FME feature store file `/tmp/wb-cache-Regression Analysis-BM2798/Main_Dissolver -1 10 fo 1 REMNANTS  0  464bde47f4a14d3088742af22a7c50d22cf15f8d.ffsupdating'
2019-05-25 16:26:19|  33.3|  0.0|INFORM|Saving spatial index into file '/tmp/wb-cache-Regression Analysis-BM2798/Main_Dissolver -1 10 fo 1 REMNANTS  0  464bde47f4a14d3088742af22a7c50d22cf15f8d.fsi'
2019-05-25 16:26:19|  33.3|  0.0|INFORM|Finished saving spatial index into file '/tmp/wb-cache-Regression Analysis-BM2798/Main_Dissolver -1 10 fo 1 REMNANTS  0  464bde47f4a14d3088742af22a7c50d22cf15f8d.fsi'
2019-05-25 16:26:19|  33.3|  0.0|STATS |Stored 701 feature(s) to FME feature store file `/tmp/wb-cache-Regression Analysis-BM2798/Main_Dissolver -1 10 fo 0 AREA  0  608f92ed2743e002e1b12e5b064e4d8d2c22eb9a.ffsupdating'
2019-05-25 16:26:19|  33.3|  0.0|INFORM|Saving spatial index into file '/tmp/wb-cache-Regression Analysis-BM2798/Main_Dissolver -1 10 fo 0 AREA  0  608f92ed2743e002e1b12e5b064e4d8d2c22eb9a.fsi'
2019-05-25 16:26:19|  33.3|  0.0|INFORM|Finished saving spatial index into file '/tmp/wb-cache-Regression Analysis-BM2798/Main_Dissolver -1 10 fo 0 AREA  0  608f92ed2743e002e1b12e5b064e4d8d2c22eb9a.fsi'
2019-05-25 16:26:19|  33.3|  0.0|STATS |Stored 146 feature(s) to FME feature store file `/tmp/wb-cache-Regression Analysis-BM2798/Main_Aggregator_2 -1 15 fo 0 AGGREGATE  0  bde54f8b25d98e8493d99c10f479aa68373b3b84.ffsupdating'
2019-05-25 16:26:19|  33.3|  0.0|INFORM|Saving spatial index into file '/tmp/wb-cache-Regression Analysis-BM2798/Main_Aggregator_2 -1 15 fo 0 AGGREGATE  0  bde54f8b25d98e8493d99c10f479aa68373b3b84.fsi'
2019-05-25 16:26:19|  33.3|  0.0|INFORM|Finished saving spatial index into file '/tmp/wb-cache-Regression Analysis-BM2798/Main_Aggregator_2 -1 15 fo 0 AGGREGATE  0  bde54f8b25d98e8493d99c10f479aa68373b3b84.fsi'
2019-05-25 16:26:19|  33.3|  0.0|STATS |Stored 146 feature(s) to FME feature store file `/tmp/wb-cache-Regression Analysis-BM2798/Main_Aggregator -1 13 fo 0 AGGREGATE  0  39329f8bdb75f2360524508a8c7faf36411153c8.ffsupdating'
2019-05-25 16:26:19|  33.3|  0.0|INFORM|Saving spatial index into file '/tmp/wb-cache-Regression Analysis-BM2798/Main_Aggregator -1 13 fo 0 AGGREGATE  0  39329f8bdb75f2360524508a8c7faf36411153c8.fsi'
2019-05-25 16:26:19|  33.3|  0.0|INFORM|Finished saving spatial index into file '/tmp/wb-cache-Regression Analysis-BM2798/Main_Aggregator -1 13 fo 0 AGGREGATE  0  39329f8bdb75f2360524508a8c7faf36411153c8.fsi'
2019-05-25 16:26:19|  33.3|  0.0|INFORM|Aggregator_2_AGGREGATE Feature Recorder -1 2147614735(RecorderFactory): Recorded 146 feature(s) to file `/tmp/wb-cache-Regression Analysis-BM2798/Main_Aggregator_2 -1 15 fo 0 AGGREGATE  0  bde54f8b25d98e8493d99c10f479aa68373b3b84.ffsupdating'
2019-05-25 16:26:19|  33.3|  0.0|STATS |Aggregator_2_AGGREGATE Feature Counter -1 34(TeeFactory): Cloned 146 input feature(s) into 146 output feature(s)
2019-05-25 16:26:19|  33.3|  0.0|STATS |Destination Feature Type Routing Correlator(RoutingFactory): Tested 146 input feature(s), wrote 146 output feature(s): 0 matched merge filters, 146 were routed to output, 0 could not be routed.
2019-05-25 16:26:19|  33.3|  0.0|STATS |Final Output Nuker(TeeFactory): Cloned 0 input feature(s) into 0 output feature(s)
2019-05-25 16:26:19|  33.3|  0.0|INFORM|MULTI_WRITER: multi_writer_id `1': Started outputting features
2019-05-25 16:26:19|  33.3|  0.0|INFORM|FME Configuration: Using connection values from 'GIS2' for POSTGIS_2
2019-05-25 16:26:19|  33.3|  0.0|INFORM|Creating writer for format: PostGIS
2019-05-25 16:26:19|  33.3|  0.0|INFORM|Trying to find a DYNAMIC plugin for writer named `POSTGIS'
2019-05-25 16:26:19|  33.3|  0.0|INFORM|FME API version of module 'POSTGIS' matches current internal version (3.8 20180604)
2019-05-25 16:26:19|  33.3|  0.0|INFORM|FME Configuration: No destination coordinate system set
2019-05-25 16:26:19|  33.3|  0.0|INFORM|FME API version of module 'POSTGIS' matches current internal version (3.8 20180604)
2019-05-25 16:26:19|  33.3|  0.0|INFORM|Writer `POSTGIS_2' of type `POSTGIS' using group definition keyword `POSTGIS_2_DEF'
2019-05-25 16:26:19|  33.3|  0.0|INFORM|FME API version of module 'POSTGIS' matches current internal version (3.8 20180604)
2019-05-25 16:26:19|  33.3|  0.0|INFORM|Opening POSTGIS writer for dataset 'gis2'...
2019-05-25 16:26:19|  33.3|  0.0|INFORM|PostGIS client encoding: 'UTF8'
2019-05-25 16:26:19|  33.3|  0.0|INFORM|PostgreSQL 11.3 on x86_64-apple-darwin18.5.0, compiled by Apple LLVM version 10.0.1 (clang-1001.0.46.4), 64-bit
2019-05-25 16:26:19|  33.3|  0.0|INFORM|2.5 USE_GEOS=1 USE_PROJ=1 USE_STATS=1
2019-05-25 16:26:19|  33.3|  0.0|INFORM|Testing for the existence of table 'final.indicateurs_au'...
2019-05-25 16:26:19|  33.3|  0.0|INFORM|Creating table 'final.indicateurs_au'...
2019-05-25 16:26:19|  33.3|  0.0|INFORM|POSTGIS Writer: Creating 'unquoted WKB' geometry processor for feature type 'final.indicateurs_au'
2019-05-25 16:26:19|  33.3|  0.0|INFORM|POSTGIS Writer: Creating 'streaming Bulk Copy' feature type processor for feature type 'final.indicateurs_au'
2019-05-25 16:26:20|  33.5|  0.2|INFORM|Creating 'GIST' index on column "geom" of table 'final.indicateurs_au'...
2019-05-25 16:26:20|  33.5|  0.0|INFORM|Successfully closed POSTGIS database writer
2019-05-25 16:26:20|  33.6|  0.0|INFORM|=-=-=-=-=-=-=-=-=-=-=-=-=-=-=-=-=-=-=-=-=-=-=-=-=-=-=-=-=-=-=-=-=-=-=-=-=-=-=-
2019-05-25 16:26:20|  33.6|  0.0|INFORM|Feature output statistics for `POSTGIS' writer using keyword `POSTGIS_2':
2019-05-25 16:26:20|  33.6|  0.0|STATS |=-=-=-=-=-=-=-=-=-=-=-=-=-=-=-=-=-=-=-=-=-=-=-=-=-=-=-=-=-=-=-=-=-=-=-=-=-=-=-
2019-05-25 16:26:20|  33.6|  0.0|STATS |                               Features Written
2019-05-25 16:26:20|  33.6|  0.0|STATS |=-=-=-=-=-=-=-=-=-=-=-=-=-=-=-=-=-=-=-=-=-=-=-=-=-=-=-=-=-=-=-=-=-=-=-=-=-=-=-
2019-05-25 16:26:20|  33.6|  0.0|STATS |final.indicateurs_au                                                       146
2019-05-25 16:26:20|  33.6|  0.0|STATS |==============================================================================
2019-05-25 16:26:20|  33.6|  0.0|STATS |Total Features Written                                                     146
2019-05-25 16:26:20|  33.6|  0.0|STATS |=-=-=-=-=-=-=-=-=-=-=-=-=-=-=-=-=-=-=-=-=-=-=-=-=-=-=-=-=-=-=-=-=-=-=-=-=-=-=-
2019-05-25 16:26:20|  33.6|  0.0|INFORM|MULTI_WRITER: multi_writer_id `1': done writing 146 feature(s) 
2019-05-25 16:26:20|  33.6|  0.0|INFORM|^^^^^^^^^^^^^^^^^^^^^^^^^^^^^^^^^^^^^^^^^^^^^^^^^^^^^^^^^^^^^^^^^^^^^^^^^^^^^^
2019-05-25 16:26:20|  33.6|  0.0|STATS |=-=-=-=-=-=-=-=-=-=-=-=-=-=-=-=-=-=-=-=-=-=-=-=-=-=-=-=-=-=-=-=-=-=-=-=-=-=-=-
2019-05-25 16:26:20|  33.6|  0.0|STATS |                            Features Read Summary
2019-05-25 16:26:20|  33.6|  0.0|STATS |=-=-=-=-=-=-=-=-=-=-=-=-=-=-=-=-=-=-=-=-=-=-=-=-=-=-=-=-=-=-=-=-=-=-=-=-=-=-=-
2019-05-25 16:26:20|  33.6|  0.0|STATS |final.indicateurs                                                        13420
2019-05-25 16:26:20|  33.6|  0.0|STATS |==============================================================================
2019-05-25 16:26:20|  33.6|  0.0|STATS |Total Features Read                                                      13420
2019-05-25 16:26:20|  33.6|  0.0|STATS |=-=-=-=-=-=-=-=-=-=-=-=-=-=-=-=-=-=-=-=-=-=-=-=-=-=-=-=-=-=-=-=-=-=-=-=-=-=-=-
2019-05-25 16:26:20|  33.6|  0.0|STATS |=-=-=-=-=-=-=-=-=-=-=-=-=-=-=-=-=-=-=-=-=-=-=-=-=-=-=-=-=-=-=-=-=-=-=-=-=-=-=-
2019-05-25 16:26:20|  33.6|  0.0|STATS |                           Features Written Summary
2019-05-25 16:26:20|  33.6|  0.0|STATS |=-=-=-=-=-=-=-=-=-=-=-=-=-=-=-=-=-=-=-=-=-=-=-=-=-=-=-=-=-=-=-=-=-=-=-=-=-=-=-
2019-05-25 16:26:20|  33.6|  0.0|STATS |final.indicateurs_au                                                       146
2019-05-25 16:26:20|  33.6|  0.0|STATS |==============================================================================
2019-05-25 16:26:20|  33.6|  0.0|STATS |Total Features Written                                                     146
2019-05-25 16:26:20|  33.6|  0.0|STATS |=-=-=-=-=-=-=-=-=-=-=-=-=-=-=-=-=-=-=-=-=-=-=-=-=-=-=-=-=-=-=-=-=-=-=-=-=-=-=-
2019-05-25 16:26:20|  33.6|  0.0|WARN  |-~-~-~-~-~-~-~-~-~-~-~-~-~-~-~-~-~-~-~-~-~-~-~-~-~-~-~-~-~-~-~-~-~-~-~-~-~-~-~-~-
2019-05-25 16:26:20|  33.6|  0.0|WARN  |-~                                                                             ~-
2019-05-25 16:26:20|  33.6|  0.0|WARN  |-~    Feature caches have been recorded at every stage of the translation.     ~-
2019-05-25 16:26:20|  33.6|  0.0|WARN  |-~                      To inspect the recorded features,                      ~-
2019-05-25 16:26:20|  33.6|  0.0|WARN  |-~              click the feature cache icons next to the ports.               ~-
2019-05-25 16:26:20|  33.6|  0.0|WARN  |-~                                                                             ~-
2019-05-25 16:26:20|  33.6|  0.0|WARN  |-~-~-~-~-~-~-~-~-~-~-~-~-~-~-~-~-~-~-~-~-~-~-~-~-~-~-~-~-~-~-~-~-~-~-~-~-~-~-~-~-
2019-05-25 16:26:20|  33.6|  0.0|INFORM|Translation was SUCCESSFUL with 7 warning(s) (146 feature(s) output)
2019-05-25 16:26:20|  33.6|  0.0|INFORM|FME Session Duration: 34.9 seconds. (CPU: 31.3s user, 2.2s system)
2019-05-25 16:26:20|  33.6|  0.0|INFORM|END - ProcessID: 2932, peak process memory usage: 427944 kB, current process memory usage: 377768 kB
